ARM GAS  /tmp/cczXGGf1.s 			page 1


   1              		.cpu cortex-m4
   2              		.arch armv7e-m
   3              		.fpu fpv4-sp-d16
   4              		.eabi_attribute 27, 1
   5              		.eabi_attribute 28, 1
   6              		.eabi_attribute 20, 1
   7              		.eabi_attribute 21, 1
   8              		.eabi_attribute 23, 3
   9              		.eabi_attribute 24, 1
  10              		.eabi_attribute 25, 1
  11              		.eabi_attribute 26, 1
  12              		.eabi_attribute 30, 1
  13              		.eabi_attribute 34, 1
  14              		.eabi_attribute 18, 4
  15              		.file	"lcd.c"
  16              		.text
  17              	.Ltext0:
  18              		.cfi_sections	.debug_frame
  19              		.file 1 "Core/Src/lcd.c"
  20              		.section	.text.LCDSendCommand,"ax",%progbits
  21              		.align	1
  22              		.global	LCDSendCommand
  23              		.syntax unified
  24              		.thumb
  25              		.thumb_func
  27              	LCDSendCommand:
  28              	.LVL0:
  29              	.LFB135:
   1:Core/Src/lcd.c **** #include "lcd.h"
   2:Core/Src/lcd.c **** #include "i2c.h"
   3:Core/Src/lcd.c **** #include "gpio.h"
   4:Core/Src/lcd.c **** 
   5:Core/Src/lcd.c **** #define LCD_ADDR   0x3F
   6:Core/Src/lcd.c **** 
   7:Core/Src/lcd.c **** //    Piggyboard Configuration
   8:Core/Src/lcd.c **** //    P7 P6 P5 P4 P3 P2 P1 P0
   9:Core/Src/lcd.c **** //    D7 D6 D5 D4 BT E RW RS 
  10:Core/Src/lcd.c **** 
  11:Core/Src/lcd.c **** #define PIN_RS (1 << 0)
  12:Core/Src/lcd.c **** #define PIN_EN (1 << 2)
  13:Core/Src/lcd.c **** #define PIN_BT (1 << 3)
  14:Core/Src/lcd.c **** 
  15:Core/Src/lcd.c **** void LCDInit(void);
  16:Core/Src/lcd.c **** void LCDSendCommand(uint8_t cmd);
  17:Core/Src/lcd.c **** void LCDSendData(uint8_t data);
  18:Core/Src/lcd.c **** 
  19:Core/Src/lcd.c **** 
  20:Core/Src/lcd.c **** void LCDInit(void)
  21:Core/Src/lcd.c **** {
  22:Core/Src/lcd.c ****     HAL_Delay(500);
  23:Core/Src/lcd.c ****     // 4-bit mode, 2 lines, 5x8 format
  24:Core/Src/lcd.c **** 	LCDSendCommand(0x28);
  25:Core/Src/lcd.c ****     HAL_Delay(5);
  26:Core/Src/lcd.c **** 	// display & cursor home (keep this!)
  27:Core/Src/lcd.c **** 	LCDSendCommand(0x02);
  28:Core/Src/lcd.c ****     HAL_Delay(5);
  29:Core/Src/lcd.c ****     //  mode set --> I/D = 1 (increment cursor) & S = 0 (no shift)
ARM GAS  /tmp/cczXGGf1.s 			page 2


  30:Core/Src/lcd.c ****     LCDSendCommand(0x06);
  31:Core/Src/lcd.c ****      HAL_Delay(5);
  32:Core/Src/lcd.c **** 	// display on, cursor off, cursor blink off
  33:Core/Src/lcd.c **** 	LCDSendCommand(0x0C);
  34:Core/Src/lcd.c ****      HAL_Delay(5);
  35:Core/Src/lcd.c **** 	// clear display (optional here)
  36:Core/Src/lcd.c **** 	LCDSendCommand(0x01);
  37:Core/Src/lcd.c ****      HAL_Delay(5);
  38:Core/Src/lcd.c ****     
  39:Core/Src/lcd.c **** 
  40:Core/Src/lcd.c **** }
  41:Core/Src/lcd.c **** 
  42:Core/Src/lcd.c **** void LCDSendCommand(uint8_t cmd)
  43:Core/Src/lcd.c **** {
  30              		.loc 1 43 1 view -0
  31              		.cfi_startproc
  32              		@ args = 0, pretend = 0, frame = 8
  33              		@ frame_needed = 0, uses_anonymous_args = 0
  34              		.loc 1 43 1 is_stmt 0 view .LVU1
  35 0000 10B5     		push	{r4, lr}
  36              	.LCFI0:
  37              		.cfi_def_cfa_offset 8
  38              		.cfi_offset 4, -8
  39              		.cfi_offset 14, -4
  40 0002 84B0     		sub	sp, sp, #16
  41              	.LCFI1:
  42              		.cfi_def_cfa_offset 24
  44:Core/Src/lcd.c ****     uint8_t buffer[4] = {0};
  43              		.loc 1 44 5 is_stmt 1 view .LVU2
  44              		.loc 1 44 13 is_stmt 0 view .LVU3
  45 0004 0024     		movs	r4, #0
  46 0006 0394     		str	r4, [sp, #12]
  45:Core/Src/lcd.c ****     uint8_t msb = cmd & 0xF0;
  47              		.loc 1 45 5 is_stmt 1 view .LVU4
  48              		.loc 1 45 13 is_stmt 0 view .LVU5
  49 0008 00F0F002 		and	r2, r0, #240
  50              	.LVL1:
  46:Core/Src/lcd.c ****     uint8_t lsb = (cmd << 4 ) & 0xF0;
  51              		.loc 1 46 5 is_stmt 1 view .LVU6
  52              		.loc 1 46 13 is_stmt 0 view .LVU7
  53 000c 0001     		lsls	r0, r0, #4
  54              	.LVL2:
  55              		.loc 1 46 13 view .LVU8
  56 000e C3B2     		uxtb	r3, r0
  57              	.LVL3:
  47:Core/Src/lcd.c **** 
  48:Core/Src/lcd.c ****     buffer[0] = msb|PIN_BT|PIN_EN;
  58              		.loc 1 48 5 is_stmt 1 view .LVU9
  59              		.loc 1 48 15 is_stmt 0 view .LVU10
  60 0010 42F00C01 		orr	r1, r2, #12
  61 0014 8DF80C10 		strb	r1, [sp, #12]
  49:Core/Src/lcd.c ****     buffer[1] = msb|PIN_BT;
  62              		.loc 1 49 5 is_stmt 1 view .LVU11
  63              		.loc 1 49 15 is_stmt 0 view .LVU12
  64 0018 42F00802 		orr	r2, r2, #8
  65              	.LVL4:
  66              		.loc 1 49 15 view .LVU13
ARM GAS  /tmp/cczXGGf1.s 			page 3


  67 001c 8DF80D20 		strb	r2, [sp, #13]
  50:Core/Src/lcd.c ****     buffer[2] = lsb|PIN_BT|PIN_EN;
  68              		.loc 1 50 5 is_stmt 1 view .LVU14
  69              		.loc 1 50 15 is_stmt 0 view .LVU15
  70 0020 43F00C02 		orr	r2, r3, #12
  71 0024 8DF80E20 		strb	r2, [sp, #14]
  51:Core/Src/lcd.c ****     buffer[3] = lsb|PIN_BT;
  72              		.loc 1 51 5 is_stmt 1 view .LVU16
  73              		.loc 1 51 15 is_stmt 0 view .LVU17
  74 0028 43F00803 		orr	r3, r3, #8
  75              	.LVL5:
  76              		.loc 1 51 15 view .LVU18
  77 002c 8DF80F30 		strb	r3, [sp, #15]
  52:Core/Src/lcd.c **** 
  53:Core/Src/lcd.c ****     for (int i = 0 ; i < 4;i++)
  78              		.loc 1 53 5 is_stmt 1 view .LVU19
  79              	.LBB2:
  80              		.loc 1 53 10 view .LVU20
  81              	.LVL6:
  82              		.loc 1 53 5 is_stmt 0 view .LVU21
  83 0030 09E0     		b	.L2
  84              	.LVL7:
  85              	.L8:
  54:Core/Src/lcd.c ****     {
  55:Core/Src/lcd.c ****         if(HAL_I2C_Master_Transmit(&hi2c1, LCD_ADDR<<1,&buffer[i],1,100) == HAL_ERROR)
  56:Core/Src/lcd.c ****         {
  57:Core/Src/lcd.c ****             HAL_GPIO_WritePin(GPIOG, GPIO_PIN_14, GPIO_PIN_SET);
  86              		.loc 1 57 13 is_stmt 1 view .LVU22
  87 0032 0122     		movs	r2, #1
  88 0034 4FF48041 		mov	r1, #16384
  89 0038 0E48     		ldr	r0, .L9
  90 003a FFF7FEFF 		bl	HAL_GPIO_WritePin
  91              	.LVL8:
  92              	.L4:
  58:Core/Src/lcd.c ****         }else{
  59:Core/Src/lcd.c ****             HAL_GPIO_WritePin(GPIOG, GPIO_PIN_14, GPIO_PIN_RESET);
  60:Core/Src/lcd.c ****         }
  61:Core/Src/lcd.c ****         HAL_Delay(5);
  93              		.loc 1 61 9 view .LVU23
  94 003e 0520     		movs	r0, #5
  95 0040 FFF7FEFF 		bl	HAL_Delay
  96              	.LVL9:
  53:Core/Src/lcd.c ****     {
  97              		.loc 1 53 29 discriminator 2 view .LVU24
  98 0044 0134     		adds	r4, r4, #1
  99              	.LVL10:
 100              	.L2:
  53:Core/Src/lcd.c ****     {
 101              		.loc 1 53 24 discriminator 1 view .LVU25
 102 0046 032C     		cmp	r4, #3
 103 0048 11DC     		bgt	.L7
  55:Core/Src/lcd.c ****         {
 104              		.loc 1 55 9 view .LVU26
  55:Core/Src/lcd.c ****         {
 105              		.loc 1 55 12 is_stmt 0 view .LVU27
 106 004a 6423     		movs	r3, #100
 107 004c 0093     		str	r3, [sp]
ARM GAS  /tmp/cczXGGf1.s 			page 4


 108 004e 0123     		movs	r3, #1
 109 0050 03AA     		add	r2, sp, #12
 110 0052 2244     		add	r2, r2, r4
 111 0054 7E21     		movs	r1, #126
 112 0056 0848     		ldr	r0, .L9+4
 113 0058 FFF7FEFF 		bl	HAL_I2C_Master_Transmit
 114              	.LVL11:
  55:Core/Src/lcd.c ****         {
 115              		.loc 1 55 11 discriminator 1 view .LVU28
 116 005c 0128     		cmp	r0, #1
 117 005e E8D0     		beq	.L8
  59:Core/Src/lcd.c ****         }
 118              		.loc 1 59 13 is_stmt 1 view .LVU29
 119 0060 0022     		movs	r2, #0
 120 0062 4FF48041 		mov	r1, #16384
 121 0066 0348     		ldr	r0, .L9
 122 0068 FFF7FEFF 		bl	HAL_GPIO_WritePin
 123              	.LVL12:
 124 006c E7E7     		b	.L4
 125              	.L7:
 126              	.LBE2:
  62:Core/Src/lcd.c ****     }
  63:Core/Src/lcd.c **** 
  64:Core/Src/lcd.c **** }
 127              		.loc 1 64 1 is_stmt 0 view .LVU30
 128 006e 04B0     		add	sp, sp, #16
 129              	.LCFI2:
 130              		.cfi_def_cfa_offset 8
 131              		@ sp needed
 132 0070 10BD     		pop	{r4, pc}
 133              	.LVL13:
 134              	.L10:
 135              		.loc 1 64 1 view .LVU31
 136 0072 00BF     		.align	2
 137              	.L9:
 138 0074 00180240 		.word	1073879040
 139 0078 00000000 		.word	hi2c1
 140              		.cfi_endproc
 141              	.LFE135:
 143              		.section	.text.LCDInit,"ax",%progbits
 144              		.align	1
 145              		.global	LCDInit
 146              		.syntax unified
 147              		.thumb
 148              		.thumb_func
 150              	LCDInit:
 151              	.LFB134:
  21:Core/Src/lcd.c ****     HAL_Delay(500);
 152              		.loc 1 21 1 is_stmt 1 view -0
 153              		.cfi_startproc
 154              		@ args = 0, pretend = 0, frame = 0
 155              		@ frame_needed = 0, uses_anonymous_args = 0
 156 0000 08B5     		push	{r3, lr}
 157              	.LCFI3:
 158              		.cfi_def_cfa_offset 8
 159              		.cfi_offset 3, -8
 160              		.cfi_offset 14, -4
ARM GAS  /tmp/cczXGGf1.s 			page 5


  22:Core/Src/lcd.c ****     // 4-bit mode, 2 lines, 5x8 format
 161              		.loc 1 22 5 view .LVU33
 162 0002 4FF4FA70 		mov	r0, #500
 163 0006 FFF7FEFF 		bl	HAL_Delay
 164              	.LVL14:
  24:Core/Src/lcd.c ****     HAL_Delay(5);
 165              		.loc 1 24 2 view .LVU34
 166 000a 2820     		movs	r0, #40
 167 000c FFF7FEFF 		bl	LCDSendCommand
 168              	.LVL15:
  25:Core/Src/lcd.c **** 	// display & cursor home (keep this!)
 169              		.loc 1 25 5 view .LVU35
 170 0010 0520     		movs	r0, #5
 171 0012 FFF7FEFF 		bl	HAL_Delay
 172              	.LVL16:
  27:Core/Src/lcd.c ****     HAL_Delay(5);
 173              		.loc 1 27 2 view .LVU36
 174 0016 0220     		movs	r0, #2
 175 0018 FFF7FEFF 		bl	LCDSendCommand
 176              	.LVL17:
  28:Core/Src/lcd.c ****     //  mode set --> I/D = 1 (increment cursor) & S = 0 (no shift)
 177              		.loc 1 28 5 view .LVU37
 178 001c 0520     		movs	r0, #5
 179 001e FFF7FEFF 		bl	HAL_Delay
 180              	.LVL18:
  30:Core/Src/lcd.c ****      HAL_Delay(5);
 181              		.loc 1 30 5 view .LVU38
 182 0022 0620     		movs	r0, #6
 183 0024 FFF7FEFF 		bl	LCDSendCommand
 184              	.LVL19:
  31:Core/Src/lcd.c **** 	// display on, cursor off, cursor blink off
 185              		.loc 1 31 6 view .LVU39
 186 0028 0520     		movs	r0, #5
 187 002a FFF7FEFF 		bl	HAL_Delay
 188              	.LVL20:
  33:Core/Src/lcd.c ****      HAL_Delay(5);
 189              		.loc 1 33 2 view .LVU40
 190 002e 0C20     		movs	r0, #12
 191 0030 FFF7FEFF 		bl	LCDSendCommand
 192              	.LVL21:
  34:Core/Src/lcd.c **** 	// clear display (optional here)
 193              		.loc 1 34 6 view .LVU41
 194 0034 0520     		movs	r0, #5
 195 0036 FFF7FEFF 		bl	HAL_Delay
 196              	.LVL22:
  36:Core/Src/lcd.c ****      HAL_Delay(5);
 197              		.loc 1 36 2 view .LVU42
 198 003a 0120     		movs	r0, #1
 199 003c FFF7FEFF 		bl	LCDSendCommand
 200              	.LVL23:
  37:Core/Src/lcd.c ****     
 201              		.loc 1 37 6 view .LVU43
 202 0040 0520     		movs	r0, #5
 203 0042 FFF7FEFF 		bl	HAL_Delay
 204              	.LVL24:
  40:Core/Src/lcd.c **** 
 205              		.loc 1 40 1 is_stmt 0 view .LVU44
ARM GAS  /tmp/cczXGGf1.s 			page 6


 206 0046 08BD     		pop	{r3, pc}
 207              		.cfi_endproc
 208              	.LFE134:
 210              		.section	.text.LCDSendData,"ax",%progbits
 211              		.align	1
 212              		.global	LCDSendData
 213              		.syntax unified
 214              		.thumb
 215              		.thumb_func
 217              	LCDSendData:
 218              	.LVL25:
 219              	.LFB136:
  65:Core/Src/lcd.c **** 
  66:Core/Src/lcd.c **** void LCDSendData(uint8_t data)
  67:Core/Src/lcd.c **** {
 220              		.loc 1 67 1 is_stmt 1 view -0
 221              		.cfi_startproc
 222              		@ args = 0, pretend = 0, frame = 8
 223              		@ frame_needed = 0, uses_anonymous_args = 0
 224              		.loc 1 67 1 is_stmt 0 view .LVU46
 225 0000 10B5     		push	{r4, lr}
 226              	.LCFI4:
 227              		.cfi_def_cfa_offset 8
 228              		.cfi_offset 4, -8
 229              		.cfi_offset 14, -4
 230 0002 84B0     		sub	sp, sp, #16
 231              	.LCFI5:
 232              		.cfi_def_cfa_offset 24
  68:Core/Src/lcd.c ****     uint8_t buffer[4] = {0};
 233              		.loc 1 68 5 is_stmt 1 view .LVU47
 234              		.loc 1 68 13 is_stmt 0 view .LVU48
 235 0004 0024     		movs	r4, #0
 236 0006 0394     		str	r4, [sp, #12]
  69:Core/Src/lcd.c ****     uint8_t msb = data & 0xF0;
 237              		.loc 1 69 5 is_stmt 1 view .LVU49
 238              		.loc 1 69 13 is_stmt 0 view .LVU50
 239 0008 00F0F002 		and	r2, r0, #240
 240              	.LVL26:
  70:Core/Src/lcd.c ****     uint8_t lsb = (data << 4 ) & 0xF0;
 241              		.loc 1 70 5 is_stmt 1 view .LVU51
 242              		.loc 1 70 13 is_stmt 0 view .LVU52
 243 000c 0001     		lsls	r0, r0, #4
 244              	.LVL27:
 245              		.loc 1 70 13 view .LVU53
 246 000e C3B2     		uxtb	r3, r0
 247              	.LVL28:
  71:Core/Src/lcd.c **** 
  72:Core/Src/lcd.c ****     buffer[0] = msb|PIN_RS|PIN_BT|PIN_EN;
 248              		.loc 1 72 5 is_stmt 1 view .LVU54
 249              		.loc 1 72 15 is_stmt 0 view .LVU55
 250 0010 42F00D01 		orr	r1, r2, #13
 251 0014 8DF80C10 		strb	r1, [sp, #12]
  73:Core/Src/lcd.c ****     buffer[1] = msb|PIN_RS|PIN_BT;
 252              		.loc 1 73 5 is_stmt 1 view .LVU56
 253              		.loc 1 73 15 is_stmt 0 view .LVU57
 254 0018 42F00902 		orr	r2, r2, #9
 255              	.LVL29:
ARM GAS  /tmp/cczXGGf1.s 			page 7


 256              		.loc 1 73 15 view .LVU58
 257 001c 8DF80D20 		strb	r2, [sp, #13]
  74:Core/Src/lcd.c ****     buffer[2] = lsb|PIN_RS|PIN_BT|PIN_EN;
 258              		.loc 1 74 5 is_stmt 1 view .LVU59
 259              		.loc 1 74 15 is_stmt 0 view .LVU60
 260 0020 43F00D02 		orr	r2, r3, #13
 261 0024 8DF80E20 		strb	r2, [sp, #14]
  75:Core/Src/lcd.c ****     buffer[3] = lsb|PIN_RS|PIN_BT;
 262              		.loc 1 75 5 is_stmt 1 view .LVU61
 263              		.loc 1 75 15 is_stmt 0 view .LVU62
 264 0028 43F00903 		orr	r3, r3, #9
 265              	.LVL30:
 266              		.loc 1 75 15 view .LVU63
 267 002c 8DF80F30 		strb	r3, [sp, #15]
  76:Core/Src/lcd.c ****     for (int i = 0 ; i < 4;i++)
 268              		.loc 1 76 5 is_stmt 1 view .LVU64
 269              	.LBB3:
 270              		.loc 1 76 10 view .LVU65
 271              	.LVL31:
 272              		.loc 1 76 5 is_stmt 0 view .LVU66
 273 0030 09E0     		b	.L14
 274              	.LVL32:
 275              	.L20:
  77:Core/Src/lcd.c ****     {
  78:Core/Src/lcd.c ****         if(HAL_I2C_Master_Transmit(&hi2c1, LCD_ADDR<<1,&buffer[i],1,100) == HAL_ERROR)
  79:Core/Src/lcd.c ****         {
  80:Core/Src/lcd.c ****              HAL_GPIO_WritePin(GPIOG, GPIO_PIN_14, GPIO_PIN_SET);
 276              		.loc 1 80 14 is_stmt 1 view .LVU67
 277 0032 0122     		movs	r2, #1
 278 0034 4FF48041 		mov	r1, #16384
 279 0038 0E48     		ldr	r0, .L21
 280 003a FFF7FEFF 		bl	HAL_GPIO_WritePin
 281              	.LVL33:
 282              	.L16:
  81:Core/Src/lcd.c ****         }else{
  82:Core/Src/lcd.c ****             HAL_GPIO_WritePin(GPIOG, GPIO_PIN_14, GPIO_PIN_RESET);
  83:Core/Src/lcd.c ****         }
  84:Core/Src/lcd.c ****         HAL_Delay(5);
 283              		.loc 1 84 9 view .LVU68
 284 003e 0520     		movs	r0, #5
 285 0040 FFF7FEFF 		bl	HAL_Delay
 286              	.LVL34:
  76:Core/Src/lcd.c ****     {
 287              		.loc 1 76 29 discriminator 2 view .LVU69
 288 0044 0134     		adds	r4, r4, #1
 289              	.LVL35:
 290              	.L14:
  76:Core/Src/lcd.c ****     {
 291              		.loc 1 76 24 discriminator 1 view .LVU70
 292 0046 032C     		cmp	r4, #3
 293 0048 11DC     		bgt	.L19
  78:Core/Src/lcd.c ****         {
 294              		.loc 1 78 9 view .LVU71
  78:Core/Src/lcd.c ****         {
 295              		.loc 1 78 12 is_stmt 0 view .LVU72
 296 004a 6423     		movs	r3, #100
 297 004c 0093     		str	r3, [sp]
ARM GAS  /tmp/cczXGGf1.s 			page 8


 298 004e 0123     		movs	r3, #1
 299 0050 03AA     		add	r2, sp, #12
 300 0052 2244     		add	r2, r2, r4
 301 0054 7E21     		movs	r1, #126
 302 0056 0848     		ldr	r0, .L21+4
 303 0058 FFF7FEFF 		bl	HAL_I2C_Master_Transmit
 304              	.LVL36:
  78:Core/Src/lcd.c ****         {
 305              		.loc 1 78 11 discriminator 1 view .LVU73
 306 005c 0128     		cmp	r0, #1
 307 005e E8D0     		beq	.L20
  82:Core/Src/lcd.c ****         }
 308              		.loc 1 82 13 is_stmt 1 view .LVU74
 309 0060 0022     		movs	r2, #0
 310 0062 4FF48041 		mov	r1, #16384
 311 0066 0348     		ldr	r0, .L21
 312 0068 FFF7FEFF 		bl	HAL_GPIO_WritePin
 313              	.LVL37:
 314 006c E7E7     		b	.L16
 315              	.L19:
 316              	.LBE3:
  85:Core/Src/lcd.c ****     }
  86:Core/Src/lcd.c ****     
  87:Core/Src/lcd.c **** 
  88:Core/Src/lcd.c ****    
  89:Core/Src/lcd.c ****     
  90:Core/Src/lcd.c **** }
 317              		.loc 1 90 1 is_stmt 0 view .LVU75
 318 006e 04B0     		add	sp, sp, #16
 319              	.LCFI6:
 320              		.cfi_def_cfa_offset 8
 321              		@ sp needed
 322 0070 10BD     		pop	{r4, pc}
 323              	.LVL38:
 324              	.L22:
 325              		.loc 1 90 1 view .LVU76
 326 0072 00BF     		.align	2
 327              	.L21:
 328 0074 00180240 		.word	1073879040
 329 0078 00000000 		.word	hi2c1
 330              		.cfi_endproc
 331              	.LFE136:
 333              		.section	.text.LCDSendString,"ax",%progbits
 334              		.align	1
 335              		.global	LCDSendString
 336              		.syntax unified
 337              		.thumb
 338              		.thumb_func
 340              	LCDSendString:
 341              	.LVL39:
 342              	.LFB137:
  91:Core/Src/lcd.c **** 
  92:Core/Src/lcd.c **** void LCDSendString(char *str,uint8_t row, uint8_t col) 
  93:Core/Src/lcd.c **** {
 343              		.loc 1 93 1 is_stmt 1 view -0
 344              		.cfi_startproc
 345              		@ args = 0, pretend = 0, frame = 0
ARM GAS  /tmp/cczXGGf1.s 			page 9


 346              		@ frame_needed = 0, uses_anonymous_args = 0
 347              		.loc 1 93 1 is_stmt 0 view .LVU78
 348 0000 38B5     		push	{r3, r4, r5, lr}
 349              	.LCFI7:
 350              		.cfi_def_cfa_offset 16
 351              		.cfi_offset 3, -16
 352              		.cfi_offset 4, -12
 353              		.cfi_offset 5, -8
 354              		.cfi_offset 14, -4
 355 0002 0546     		mov	r5, r0
 356 0004 1046     		mov	r0, r2
 357              	.LVL40:
  94:Core/Src/lcd.c ****     uint8_t pos = col;
 358              		.loc 1 94 5 is_stmt 1 view .LVU79
  95:Core/Src/lcd.c **** 
  96:Core/Src/lcd.c ****     switch (row)
 359              		.loc 1 96 5 view .LVU80
 360 0006 0329     		cmp	r1, #3
 361 0008 05D8     		bhi	.L24
 362 000a DFE801F0 		tbb	[pc, r1]
 363              	.L26:
 364 000e 02       		.byte	(.L29-.L26)/2
 365 000f 08       		.byte	(.L28-.L26)/2
 366 0010 0B       		.byte	(.L27-.L26)/2
 367 0011 0E       		.byte	(.L25-.L26)/2
 368              		.p2align 1
 369              	.L29:
  97:Core/Src/lcd.c ****     {
  98:Core/Src/lcd.c ****         case 0:
  99:Core/Src/lcd.c ****             pos |= 0x80;
 370              		.loc 1 99 13 view .LVU81
 371              		.loc 1 99 17 is_stmt 0 view .LVU82
 372 0012 42F08000 		orr	r0, r2, #128
 373              	.LVL41:
 100:Core/Src/lcd.c ****             break;
 374              		.loc 1 100 13 is_stmt 1 view .LVU83
 375              	.L24:
 101:Core/Src/lcd.c ****         case 1:
 102:Core/Src/lcd.c ****             pos |= 0xC0;
 103:Core/Src/lcd.c ****             break;
 104:Core/Src/lcd.c ****         case 2:
 105:Core/Src/lcd.c ****             pos |= 0x94;
 106:Core/Src/lcd.c ****             break;
 107:Core/Src/lcd.c ****         case 3:
 108:Core/Src/lcd.c ****             pos |= 0xD4;
 109:Core/Src/lcd.c ****             break;
 110:Core/Src/lcd.c ****         
 111:Core/Src/lcd.c ****         default:
 112:Core/Src/lcd.c ****             break;
 113:Core/Src/lcd.c ****     }
 114:Core/Src/lcd.c **** 
 115:Core/Src/lcd.c ****     LCDSendCommand(pos);
 376              		.loc 1 115 5 view .LVU84
 377 0016 FFF7FEFF 		bl	LCDSendCommand
 378              	.LVL42:
 116:Core/Src/lcd.c **** 
 117:Core/Src/lcd.c ****     for(int i=0;str[i]!=0;i++)
ARM GAS  /tmp/cczXGGf1.s 			page 10


 379              		.loc 1 117 5 view .LVU85
 380              	.LBB4:
 381              		.loc 1 117 9 view .LVU86
 382              		.loc 1 117 13 is_stmt 0 view .LVU87
 383 001a 0024     		movs	r4, #0
 384              		.loc 1 117 5 view .LVU88
 385 001c 0BE0     		b	.L30
 386              	.LVL43:
 387              	.L28:
 388              		.loc 1 117 5 view .LVU89
 389              	.LBE4:
 102:Core/Src/lcd.c ****             break;
 390              		.loc 1 102 13 is_stmt 1 view .LVU90
 102:Core/Src/lcd.c ****             break;
 391              		.loc 1 102 17 is_stmt 0 view .LVU91
 392 001e 42F0C000 		orr	r0, r2, #192
 393              	.LVL44:
 103:Core/Src/lcd.c ****         case 2:
 394              		.loc 1 103 13 is_stmt 1 view .LVU92
 395 0022 F8E7     		b	.L24
 396              	.LVL45:
 397              	.L27:
 105:Core/Src/lcd.c ****             break;
 398              		.loc 1 105 13 view .LVU93
 105:Core/Src/lcd.c ****             break;
 399              		.loc 1 105 17 is_stmt 0 view .LVU94
 400 0024 42F09400 		orr	r0, r2, #148
 401              	.LVL46:
 106:Core/Src/lcd.c ****         case 3:
 402              		.loc 1 106 13 is_stmt 1 view .LVU95
 403 0028 F5E7     		b	.L24
 404              	.LVL47:
 405              	.L25:
 108:Core/Src/lcd.c ****             break;
 406              		.loc 1 108 13 view .LVU96
 108:Core/Src/lcd.c ****             break;
 407              		.loc 1 108 17 is_stmt 0 view .LVU97
 408 002a 42F0D400 		orr	r0, r2, #212
 409              	.LVL48:
 109:Core/Src/lcd.c ****         
 410              		.loc 1 109 13 is_stmt 1 view .LVU98
 411 002e F2E7     		b	.L24
 412              	.LVL49:
 413              	.L31:
 414              	.LBB5:
 118:Core/Src/lcd.c ****     {
 119:Core/Src/lcd.c ****         LCDSendData(str[i]);
 415              		.loc 1 119 9 view .LVU99
 416 0030 FFF7FEFF 		bl	LCDSendData
 417              	.LVL50:
 117:Core/Src/lcd.c ****     {
 418              		.loc 1 117 28 discriminator 3 view .LVU100
 419 0034 0134     		adds	r4, r4, #1
 420              	.LVL51:
 421              	.L30:
 117:Core/Src/lcd.c ****     {
 422              		.loc 1 117 23 discriminator 1 view .LVU101
ARM GAS  /tmp/cczXGGf1.s 			page 11


 117:Core/Src/lcd.c ****     {
 423              		.loc 1 117 20 is_stmt 0 discriminator 1 view .LVU102
 424 0036 285D     		ldrb	r0, [r5, r4]	@ zero_extendqisi2
 117:Core/Src/lcd.c ****     {
 425              		.loc 1 117 23 discriminator 1 view .LVU103
 426 0038 0028     		cmp	r0, #0
 427 003a F9D1     		bne	.L31
 428              	.LBE5:
 120:Core/Src/lcd.c ****     }
 121:Core/Src/lcd.c **** 
 122:Core/Src/lcd.c **** }...
 429              		.loc 1 122 1 view .LVU104
 430 003c 38BD     		pop	{r3, r4, r5, pc}
 431              		.loc 1 122 1 view .LVU105
 432              		.cfi_endproc
 433              	.LFE137:
 435              		.text
 436              	.Letext0:
 437              		.file 2 "/usr/lib/gcc/arm-none-eabi/13.2.1/include/stdint.h"
 438              		.file 3 "Drivers/CMSIS/Device/ST/STM32F4xx/Include/stm32f429xx.h"
 439              		.file 4 "Drivers/STM32F4xx_HAL_Driver/Inc/stm32f4xx_hal_def.h"
 440              		.file 5 "Drivers/STM32F4xx_HAL_Driver/Inc/stm32f4xx_hal_gpio.h"
 441              		.file 6 "Drivers/STM32F4xx_HAL_Driver/Inc/stm32f4xx_hal_dma.h"
 442              		.file 7 "Drivers/STM32F4xx_HAL_Driver/Inc/stm32f4xx_hal_i2c.h"
 443              		.file 8 "Drivers/STM32F4xx_HAL_Driver/Inc/stm32f4xx_hal.h"
 444              		.file 9 "Core/Inc/i2c.h"
ARM GAS  /tmp/cczXGGf1.s 			page 12


DEFINED SYMBOLS
                            *ABS*:00000000 lcd.c
     /tmp/cczXGGf1.s:21     .text.LCDSendCommand:00000000 $t
     /tmp/cczXGGf1.s:27     .text.LCDSendCommand:00000000 LCDSendCommand
     /tmp/cczXGGf1.s:138    .text.LCDSendCommand:00000074 $d
     /tmp/cczXGGf1.s:144    .text.LCDInit:00000000 $t
     /tmp/cczXGGf1.s:150    .text.LCDInit:00000000 LCDInit
     /tmp/cczXGGf1.s:211    .text.LCDSendData:00000000 $t
     /tmp/cczXGGf1.s:217    .text.LCDSendData:00000000 LCDSendData
     /tmp/cczXGGf1.s:328    .text.LCDSendData:00000074 $d
     /tmp/cczXGGf1.s:334    .text.LCDSendString:00000000 $t
     /tmp/cczXGGf1.s:340    .text.LCDSendString:00000000 LCDSendString
     /tmp/cczXGGf1.s:364    .text.LCDSendString:0000000e $d
     /tmp/cczXGGf1.s:368    .text.LCDSendString:00000012 $t

UNDEFINED SYMBOLS
HAL_GPIO_WritePin
HAL_Delay
HAL_I2C_Master_Transmit
hi2c1
